Traceback (most recent call last):
  File "/home/runner/.cache/pypoetry/virtualenvs/sds-adv-ml-t6Z6UgPC-py3.9/lib/python3.9/site-packages/jupyter_cache/executors/utils.py", line 58, in single_nb_execution
    executenb(
  File "/home/runner/.cache/pypoetry/virtualenvs/sds-adv-ml-t6Z6UgPC-py3.9/lib/python3.9/site-packages/nbclient/client.py", line 1305, in execute
    return NotebookClient(nb=nb, resources=resources, km=km, **kwargs).execute()
  File "/home/runner/.cache/pypoetry/virtualenvs/sds-adv-ml-t6Z6UgPC-py3.9/lib/python3.9/site-packages/jupyter_core/utils/__init__.py", line 166, in wrapped
    return loop.run_until_complete(inner)
  File "/opt/hostedtoolcache/Python/3.9.17/x64/lib/python3.9/asyncio/base_events.py", line 647, in run_until_complete
    return future.result()
  File "/home/runner/.cache/pypoetry/virtualenvs/sds-adv-ml-t6Z6UgPC-py3.9/lib/python3.9/site-packages/nbclient/client.py", line 705, in async_execute
    await self.async_execute_cell(
  File "/home/runner/.cache/pypoetry/virtualenvs/sds-adv-ml-t6Z6UgPC-py3.9/lib/python3.9/site-packages/nbclient/client.py", line 1058, in async_execute_cell
    await self._check_raise_for_error(cell, cell_index, exec_reply)
  File "/home/runner/.cache/pypoetry/virtualenvs/sds-adv-ml-t6Z6UgPC-py3.9/lib/python3.9/site-packages/nbclient/client.py", line 914, in _check_raise_for_error
    raise CellExecutionError.from_cell_and_msg(cell, exec_reply_content)
nbclient.exceptions.CellExecutionError: An error occurred while executing the following cell:
------------------
X_bovw2 = []
for feature in tqdm(features):
    sub_f = pca.transform(feature)
    probs = gmm.predict_proba(sub_f)
    X_bovw2.append(probs.mean(axis=0))

X_bovw2 = np.stack(X_bovw2, axis=0)
------------------


[0;31m---------------------------------------------------------------------------[0m
[0;31mAttributeError[0m                            Traceback (most recent call last)
Cell [0;32mIn[67], line 4[0m
[1;32m      2[0m [38;5;28;01mfor[39;00m feature [38;5;129;01min[39;00m tqdm(features):
[1;32m      3[0m     sub_f [38;5;241m=[39m pca[38;5;241m.[39mtransform(feature)
[0;32m----> 4[0m     probs [38;5;241m=[39m [43mgmm[49m[38;5;241;43m.[39;49m[43mpredict_proba[49m[43m([49m[43msub_f[49m[43m)[49m
[1;32m      5[0m     X_bovw2[38;5;241m.[39mappend(probs[38;5;241m.[39mmean(axis[38;5;241m=[39m[38;5;241m0[39m))
[1;32m      7[0m X_bovw2 [38;5;241m=[39m np[38;5;241m.[39mstack(X_bovw2, axis[38;5;241m=[39m[38;5;241m0[39m)

File [0;32m~/.cache/pypoetry/virtualenvs/sds-adv-ml-t6Z6UgPC-py3.9/lib/python3.9/site-packages/sklearn/mixture/_base.py:400[0m, in [0;36mBaseMixture.predict_proba[0;34m(self, X)[0m
[1;32m    398[0m check_is_fitted([38;5;28mself[39m)
[1;32m    399[0m X [38;5;241m=[39m [38;5;28mself[39m[38;5;241m.[39m_validate_data(X, reset[38;5;241m=[39m[38;5;28;01mFalse[39;00m)
[0;32m--> 400[0m _, log_resp [38;5;241m=[39m [38;5;28;43mself[39;49m[38;5;241;43m.[39;49m[43m_estimate_log_prob_resp[49m[43m([49m[43mX[49m[43m)[49m
[1;32m    401[0m [38;5;28;01mreturn[39;00m np[38;5;241m.[39mexp(log_resp)

File [0;32m~/.cache/pypoetry/virtualenvs/sds-adv-ml-t6Z6UgPC-py3.9/lib/python3.9/site-packages/sklearn/mixture/_base.py:523[0m, in [0;36mBaseMixture._estimate_log_prob_resp[0;34m(self, X)[0m
[1;32m    504[0m [38;5;28;01mdef[39;00m [38;5;21m_estimate_log_prob_resp[39m([38;5;28mself[39m, X):
[1;32m    505[0m [38;5;250m    [39m[38;5;124;03m"""Estimate log probabilities and responsibilities for each sample.[39;00m
[1;32m    506[0m 
[1;32m    507[0m [38;5;124;03m    Compute the log probabilities, weighted log probabilities per[39;00m
[0;32m   (...)[0m
[1;32m    521[0m [38;5;124;03m        logarithm of the responsibilities[39;00m
[1;32m    522[0m [38;5;124;03m    """[39;00m
[0;32m--> 523[0m     weighted_log_prob [38;5;241m=[39m [38;5;28;43mself[39;49m[38;5;241;43m.[39;49m[43m_estimate_weighted_log_prob[49m[43m([49m[43mX[49m[43m)[49m
[1;32m    524[0m     log_prob_norm [38;5;241m=[39m logsumexp(weighted_log_prob, axis[38;5;241m=[39m[38;5;241m1[39m)
[1;32m    525[0m     [38;5;28;01mwith[39;00m np[38;5;241m.[39merrstate(under[38;5;241m=[39m[38;5;124m"[39m[38;5;124mignore[39m[38;5;124m"[39m):
[1;32m    526[0m         [38;5;66;03m# ignore underflow[39;00m

File [0;32m~/.cache/pypoetry/virtualenvs/sds-adv-ml-t6Z6UgPC-py3.9/lib/python3.9/site-packages/sklearn/mixture/_base.py:476[0m, in [0;36mBaseMixture._estimate_weighted_log_prob[0;34m(self, X)[0m
[1;32m    465[0m [38;5;28;01mdef[39;00m [38;5;21m_estimate_weighted_log_prob[39m([38;5;28mself[39m, X):
[1;32m    466[0m [38;5;250m    [39m[38;5;124;03m"""Estimate the weighted log-probabilities, log P(X | Z) + log weights.[39;00m
[1;32m    467[0m 
[1;32m    468[0m [38;5;124;03m    Parameters[39;00m
[0;32m   (...)[0m
[1;32m    474[0m [38;5;124;03m    weighted_log_prob : array, shape (n_samples, n_component)[39;00m
[1;32m    475[0m [38;5;124;03m    """[39;00m
[0;32m--> 476[0m     [38;5;28;01mreturn[39;00m [38;5;28;43mself[39;49m[38;5;241;43m.[39;49m[43m_estimate_log_prob[49m[43m([49m[43mX[49m[43m)[49m [38;5;241m+[39m [38;5;28mself[39m[38;5;241m.[39m_estimate_log_weights()

File [0;32m~/.cache/pypoetry/virtualenvs/sds-adv-ml-t6Z6UgPC-py3.9/lib/python3.9/site-packages/sklearn/mixture/_gaussian_mixture.py:761[0m, in [0;36mGaussianMixture._estimate_log_prob[0;34m(self, X)[0m
[1;32m    759[0m [38;5;28;01mdef[39;00m [38;5;21m_estimate_log_prob[39m([38;5;28mself[39m, X):
[1;32m    760[0m     [38;5;28;01mreturn[39;00m _estimate_log_gaussian_prob(
[0;32m--> 761[0m         X, [38;5;28mself[39m[38;5;241m.[39mmeans_, [38;5;28;43mself[39;49m[38;5;241;43m.[39;49m[43mprecisions_cholesky_[49m, [38;5;28mself[39m[38;5;241m.[39mcovariance_type
[1;32m    762[0m     )

[0;31mAttributeError[0m: 'GaussianMixture' object has no attribute 'precisions_cholesky_'

